#
# There is insufficient memory for the Java Runtime Environment to continue.
# Native memory allocation (malloc) failed to allocate 129024 bytes for Chunk::new
# Possible reasons:
#   The system is out of physical RAM or swap space
#   The process is running with CompressedOops enabled, and the Java Heap may be blocking the growth of the native heap
# Possible solutions:
#   Reduce memory load on the system
#   Increase physical memory or swap space
#   Check if swap backing store is full
#   Decrease Java heap size (-Xmx/-Xms)
#   Decrease number of Java threads
#   Decrease Java thread stack sizes (-Xss)
#   Set larger code cache with -XX:ReservedCodeCacheSize=
#   JVM is running with Unscaled Compressed Oops mode in which the Java heap is
#     placed in the first 4GB address space. The Java Heap base address is the
#     maximum limit for the native heap growth. Please use -XX:HeapBaseMinAddress
#     to set the Java Heap base and to place the Java Heap above 4GB virtual address.
# This output file may be truncated or incomplete.
#
#  Out of Memory Error (arena.cpp:184), pid=8444, tid=19244
#
# JRE version: OpenJDK Runtime Environment (19.0.1+10) (build 19.0.1+10-21)
# Java VM: OpenJDK 64-Bit Server VM (19.0.1+10-21, mixed mode, sharing, tiered, compressed oops, compressed class ptrs, g1 gc, windows-amd64)
# No core dump will be written. Minidumps are not enabled by default on client versions of Windows
#

---------------  S U M M A R Y ------------

Command Line: -javaagent:C:\Users\julie\AppData\Local\JetBrains\Toolbox\apps\IDEA-U\ch-0\222.4345.14\lib\idea_rt.jar=50423:C:\Users\julie\AppData\Local\JetBrains\Toolbox\apps\IDEA-U\ch-0\222.4345.14\bin -Dfile.encoding=UTF-8 -Dsun.stdout.encoding=UTF-8 -Dsun.stderr.encoding=UTF-8 --module-path=C:\Users\julie\IdeaProjects\InterfaceMessagerie\target\classes;C:\Users\julie\.m2\repository\org\openjfx\javafx-graphics\19-ea+7\javafx-graphics-19-ea+7-win.jar;C:\Users\julie\.m2\repository\org\openjfx\javafx-controls\19-ea+7\javafx-controls-19-ea+7-win.jar;C:\Users\julie\.m2\repository\org\openjfx\javafx-base\19-ea+7\javafx-base-19-ea+7-win.jar;C:\Users\julie\.m2\repository\org\openjfx\javafx-fxml\19-ea+7\javafx-fxml-19-ea+7-win.jar -Djdk.module.main=com.example.interfacemessagerie com.example.interfacemessagerie/com.example.interfacemessagerie.HelloApplication

Host: 11th Gen Intel(R) Core(TM) i5-1135G7 @ 2.40GHz, 8 cores, 7G,  Windows 11 , 64 bit Build 22621 (10.0.22621.963)
Time: Thu Jan  5 11:24:21 2023 W. Europe Standard Time elapsed time: 0.888438 seconds (0d 0h 0m 0s)

---------------  T H R E A D  ---------------

Current thread (0x0000016a7de49a00):  JavaThread "C2 CompilerThread0" daemon [_thread_in_native, id=19244, stack(0x00000018f7600000,0x00000018f7700000)]


Current CompileTask:
C2:    888  855       4       java.lang.String::replace (42 bytes)

Stack: [0x00000018f7600000,0x00000018f7700000]
Native frames: (J=compiled Java code, j=interpreted, Vv=VM code, C=native code)
V  [jvm.dll+0x6ee8fa]
V  [jvm.dll+0x857a1e]
V  [jvm.dll+0x85940e]
V  [jvm.dll+0x859ac3]
V  [jvm.dll+0x28291f]
V  [jvm.dll+0xc9b5f]
V  [jvm.dll+0xc9ee5]
V  [jvm.dll+0x3bcbac]
V  [jvm.dll+0x386201]
V  [jvm.dll+0x38567a]
V  [jvm.dll+0x24c2c9]
V  [jvm.dll+0x24b671]
V  [jvm.dll+0x1d6d61]
V  [jvm.dll+0x25b0fa]
V  [jvm.dll+0x259588]
V  [jvm.dll+0x807928]
V  [jvm.dll+0x8015fa]
V  [jvm.dll+0x6ed5eb]
C  [ucrtbase.dll+0x29363]
C  [KERNEL32.DLL+0x126bd]
C  [ntdll.dll+0x5dfb8]


---------------  P R O C E S S  ---------------

Threads class SMR info:
_java_thread_list=0x0000016a7e744590, length=18, elements={
0x0000016a6e71f620, 0x0000016a7de161c0, 0x0000016a7de16cf0, 0x0000016a7de19630,
0x0000016a7de1df80, 0x0000016a7de40b50, 0x0000016a7de41480, 0x0000016a7de49a00,
0x0000016a7de503a0, 0x0000016a7de6ad10, 0x0000016a7ddf0a30, 0x0000016a7e189ae0,
0x0000016a7e18a020, 0x0000016a7e664330, 0x0000016a7e6f6960, 0x0000016a7e6cf370,
0x0000016a13023b00, 0x0000016a7e6ff240
}

Java Threads: ( => current thread )
  0x0000016a6e71f620 JavaThread "main" [_thread_blocked, id=17460, stack(0x00000018f6900000,0x00000018f6a00000)]
  0x0000016a7de161c0 JavaThread "Reference Handler" daemon [_thread_blocked, id=35152, stack(0x00000018f7000000,0x00000018f7100000)]
  0x0000016a7de16cf0 JavaThread "Finalizer" daemon [_thread_blocked, id=23692, stack(0x00000018f7100000,0x00000018f7200000)]
  0x0000016a7de19630 JavaThread "Signal Dispatcher" daemon [_thread_blocked, id=7368, stack(0x00000018f7200000,0x00000018f7300000)]
  0x0000016a7de1df80 JavaThread "Attach Listener" daemon [_thread_blocked, id=20456, stack(0x00000018f7300000,0x00000018f7400000)]
  0x0000016a7de40b50 JavaThread "Service Thread" daemon [_thread_blocked, id=8452, stack(0x00000018f7400000,0x00000018f7500000)]
  0x0000016a7de41480 JavaThread "Monitor Deflation Thread" daemon [_thread_blocked, id=17088, stack(0x00000018f7500000,0x00000018f7600000)]
=>0x0000016a7de49a00 JavaThread "C2 CompilerThread0" daemon [_thread_in_native, id=19244, stack(0x00000018f7600000,0x00000018f7700000)]
  0x0000016a7de503a0 JavaThread "C1 CompilerThread0" daemon [_thread_blocked, id=29908, stack(0x00000018f7700000,0x00000018f7800000)]
  0x0000016a7de6ad10 JavaThread "Sweeper thread" daemon [_thread_blocked, id=28496, stack(0x00000018f7800000,0x00000018f7900000)]
  0x0000016a7ddf0a30 JavaThread "Common-Cleaner" daemon [_thread_blocked, id=26868, stack(0x00000018f7900000,0x00000018f7a00000)]
  0x0000016a7e189ae0 JavaThread "Monitor Ctrl-Break" daemon [_thread_in_native, id=25364, stack(0x00000018f7a00000,0x00000018f7b00000)]
  0x0000016a7e18a020 JavaThread "Notification Thread" daemon [_thread_blocked, id=6592, stack(0x00000018f7b00000,0x00000018f7c00000)]
  0x0000016a7e664330 JavaThread "QuantumRenderer-0" daemon [_thread_blocked, id=7028, stack(0x00000018f7d00000,0x00000018f7e00000)]
  0x0000016a7e6f6960 JavaThread "InvokeLaterDispatcher" daemon [_thread_blocked, id=23332, stack(0x00000018f7e00000,0x00000018f7f00000)]
  0x0000016a7e6cf370 JavaThread "JavaFX Application Thread" [_thread_in_vm, id=4996, stack(0x00000018f7f00000,0x00000018f8000000)]
  0x0000016a13023b00 JavaThread "Thread-1" daemon [_thread_in_native, id=28972, stack(0x00000018f8000000,0x00000018f8100000)]
  0x0000016a7e6ff240 JavaThread "JavaFX-Launcher" [_thread_blocked, id=35484, stack(0x00000018f8100000,0x00000018f8200000)]

Other Threads:
  0x0000016a7de02230 VMThread "VM Thread" [stack: 0x00000018f6f00000,0x00000018f7000000] [id=24008]
  0x0000016a7e161f50 WatcherThread "VM Periodic Task Thread" [stack: 0x00000018f7c00000,0x00000018f7d00000] [id=32452]
  0x0000016a6e781db0 WorkerThread "GC Thread#0" [stack: 0x00000018f6a00000,0x00000018f6b00000] [id=27732]
  0x0000016a6e7928e0 ConcurrentGCThread "G1 Main Marker" [stack: 0x00000018f6b00000,0x00000018f6c00000] [id=9804]
  0x0000016a6e793230 WorkerThread "G1 Conc#0" [stack: 0x00000018f6c00000,0x00000018f6d00000] [id=31884]
  0x0000016a7dcb7100 ConcurrentGCThread "G1 Refine#0" [stack: 0x00000018f6d00000,0x00000018f6e00000] [id=34164]
  0x0000016a7dcb78f0 ConcurrentGCThread "G1 Service" [stack: 0x00000018f6e00000,0x00000018f6f00000] [id=27332]

Threads with active compile tasks:
C2 CompilerThread0      928  855       4       java.lang.String::replace (42 bytes)

VM state: not at safepoint (normal execution)

VM Mutex/Monitor currently owned by a thread:  ([mutex/lock_event])
[0x0000016a6c54c7f0] Metaspace_lock - owner thread: 0x0000016a7e6cf370

Heap address: 0x0000000083200000, size: 1998 MB, Compressed Oops mode: 32-bit

CDS archive(s) mapped at: [0x0000000800000000-0x0000000800c30000-0x0000000800c30000), size 12779520, SharedBaseAddress: 0x0000000800000000, ArchiveRelocationMode: 0.
Compressed class space mapped at: 0x0000000801000000-0x0000000841000000, reserved size: 1073741824
Narrow klass base: 0x0000000800000000, Narrow klass shift: 0, Narrow klass range: 0x100000000

GC Precious Log:
 CardTable entry size: 512
 Card Set container configuration: InlinePtr #cards 5 size 8 Array Of Cards #cards 12 size 40 Howl #buckets 4 coarsen threshold 1843 Howl Bitmap #cards 512 size 80 coarsen threshold 460 Card regions per heap region 1 cards per card region 2048
 CPUs: 8 total, 8 available
 Memory: 7991M
 Large Page Support: Disabled
 NUMA Support: Disabled
 Compressed Oops: Enabled (32-bit)
 Heap Region Size: 1M
 Heap Min Capacity: 8M
 Heap Initial Capacity: 126M
 Heap Max Capacity: 1998M
 Pre-touch: Disabled
 Parallel Workers: 8
 Concurrent Workers: 2
 Concurrent Refinement Workers: 8
 Periodic GC: Disabled

Heap:
 garbage-first heap   total 129024K, used 17408K [0x0000000083200000, 0x0000000100000000)
  region size 1024K, 19 young (19456K), 0 survivors (0K)
 Metaspace       used 4493K, committed 4672K, reserved 1114112K
  class space    used 503K, committed 576K, reserved 1048576K

Heap Regions: E=young(eden), S=young(survivor), O=old, HS=humongous(starts), HC=humongous(continues), CS=collection set, F=free, OA=open archive, CA=closed archive, TAMS=top-at-mark-start (previous, next)
|   0|0x0000000083200000, 0x0000000083200000, 0x0000000083300000|  0%| F|  |TAMS 0x0000000083200000, 0x0000000083200000| Untracked 
|   1|0x0000000083300000, 0x0000000083300000, 0x0000000083400000|  0%| F|  |TAMS 0x0000000083300000, 0x0000000083300000| Untracked 
|   2|0x0000000083400000, 0x0000000083400000, 0x0000000083500000|  0%| F|  |TAMS 0x0000000083400000, 0x0000000083400000| Untracked 
|   3|0x0000000083500000, 0x0000000083500000, 0x0000000083600000|  0%| F|  |TAMS 0x0000000083500000, 0x0000000083500000| Untracked 
|   4|0x0000000083600000, 0x0000000083600000, 0x0000000083700000|  0%| F|  |TAMS 0x0000000083600000, 0x0000000083600000| Untracked 
|   5|0x0000000083700000, 0x0000000083700000, 0x0000000083800000|  0%| F|  |TAMS 0x0000000083700000, 0x0000000083700000| Untracked 
|   6|0x0000000083800000, 0x0000000083800000, 0x0000000083900000|  0%| F|  |TAMS 0x0000000083800000, 0x0000000083800000| Untracked 
|   7|0x0000000083900000, 0x0000000083900000, 0x0000000083a00000|  0%| F|  |TAMS 0x0000000083900000, 0x0000000083900000| Untracked 
|   8|0x0000000083a00000, 0x0000000083a00000, 0x0000000083b00000|  0%| F|  |TAMS 0x0000000083a00000, 0x0000000083a00000| Untracked 
|   9|0x0000000083b00000, 0x0000000083b00000, 0x0000000083c00000|  0%| F|  |TAMS 0x0000000083b00000, 0x0000000083b00000| Untracked 
|  10|0x0000000083c00000, 0x0000000083c00000, 0x0000000083d00000|  0%| F|  |TAMS 0x0000000083c00000, 0x0000000083c00000| Untracked 
|  11|0x0000000083d00000, 0x0000000083d00000, 0x0000000083e00000|  0%| F|  |TAMS 0x0000000083d00000, 0x0000000083d00000| Untracked 
|  12|0x0000000083e00000, 0x0000000083e00000, 0x0000000083f00000|  0%| F|  |TAMS 0x0000000083e00000, 0x0000000083e00000| Untracked 
|  13|0x0000000083f00000, 0x0000000083f00000, 0x0000000084000000|  0%| F|  |TAMS 0x0000000083f00000, 0x0000000083f00000| Untracked 
|  14|0x0000000084000000, 0x0000000084000000, 0x0000000084100000|  0%| F|  |TAMS 0x0000000084000000, 0x0000000084000000| Untracked 
|  15|0x0000000084100000, 0x0000000084100000, 0x0000000084200000|  0%| F|  |TAMS 0x0000000084100000, 0x0000000084100000| Untracked 
|  16|0x0000000084200000, 0x0000000084200000, 0x0000000084300000|  0%| F|  |TAMS 0x0000000084200000, 0x0000000084200000| Untracked 
|  17|0x0000000084300000, 0x0000000084300000, 0x0000000084400000|  0%| F|  |TAMS 0x0000000084300000, 0x0000000084300000| Untracked 
|  18|0x0000000084400000, 0x0000000084400000, 0x0000000084500000|  0%| F|  |TAMS 0x0000000084400000, 0x0000000084400000| Untracked 
|  19|0x0000000084500000, 0x0000000084500000, 0x0000000084600000|  0%| F|  |TAMS 0x0000000084500000, 0x0000000084500000| Untracked 
|  20|0x0000000084600000, 0x0000000084600000, 0x0000000084700000|  0%| F|  |TAMS 0x0000000084600000, 0x0000000084600000| Untracked 
|  21|0x0000000084700000, 0x0000000084700000, 0x0000000084800000|  0%| F|  |TAMS 0x0000000084700000, 0x0000000084700000| Untracked 
|  22|0x0000000084800000, 0x0000000084800000, 0x0000000084900000|  0%| F|  |TAMS 0x0000000084800000, 0x0000000084800000| Untracked 
|  23|0x0000000084900000, 0x0000000084900000, 0x0000000084a00000|  0%| F|  |TAMS 0x0000000084900000, 0x0000000084900000| Untracked 
|  24|0x0000000084a00000, 0x0000000084a00000, 0x0000000084b00000|  0%| F|  |TAMS 0x0000000084a00000, 0x0000000084a00000| Untracked 
|  25|0x0000000084b00000, 0x0000000084b00000, 0x0000000084c00000|  0%| F|  |TAMS 0x0000000084b00000, 0x0000000084b00000| Untracked 
|  26|0x0000000084c00000, 0x0000000084c00000, 0x0000000084d00000|  0%| F|  |TAMS 0x0000000084c00000, 0x0000000084c00000| Untracked 
|  27|0x0000000084d00000, 0x0000000084d00000, 0x0000000084e00000|  0%| F|  |TAMS 0x0000000084d00000, 0x0000000084d00000| Untracked 
|  28|0x0000000084e00000, 0x0000000084e00000, 0x0000000084f00000|  0%| F|  |TAMS 0x0000000084e00000, 0x0000000084e00000| Untracked 
|  29|0x0000000084f00000, 0x0000000084f00000, 0x0000000085000000|  0%| F|  |TAMS 0x0000000084f00000, 0x0000000084f00000| Untracked 
|  30|0x0000000085000000, 0x0000000085000000, 0x0000000085100000|  0%| F|  |TAMS 0x0000000085000000, 0x0000000085000000| Untracked 
|  31|0x0000000085100000, 0x0000000085100000, 0x0000000085200000|  0%| F|  |TAMS 0x0000000085100000, 0x0000000085100000| Untracked 
|  32|0x0000000085200000, 0x0000000085200000, 0x0000000085300000|  0%| F|  |TAMS 0x0000000085200000, 0x0000000085200000| Untracked 
|  33|0x0000000085300000, 0x0000000085300000, 0x0000000085400000|  0%| F|  |TAMS 0x0000000085300000, 0x0000000085300000| Untracked 
|  34|0x0000000085400000, 0x0000000085400000, 0x0000000085500000|  0%| F|  |TAMS 0x0000000085400000, 0x0000000085400000| Untracked 
|  35|0x0000000085500000, 0x0000000085500000, 0x0000000085600000|  0%| F|  |TAMS 0x0000000085500000, 0x0000000085500000| Untracked 
|  36|0x0000000085600000, 0x0000000085600000, 0x0000000085700000|  0%| F|  |TAMS 0x0000000085600000, 0x0000000085600000| Untracked 
|  37|0x0000000085700000, 0x0000000085700000, 0x0000000085800000|  0%| F|  |TAMS 0x0000000085700000, 0x0000000085700000| Untracked 
|  38|0x0000000085800000, 0x0000000085800000, 0x0000000085900000|  0%| F|  |TAMS 0x0000000085800000, 0x0000000085800000| Untracked 
|  39|0x0000000085900000, 0x0000000085900000, 0x0000000085a00000|  0%| F|  |TAMS 0x0000000085900000, 0x0000000085900000| Untracked 
|  40|0x0000000085a00000, 0x0000000085a00000, 0x0000000085b00000|  0%| F|  |TAMS 0x0000000085a00000, 0x0000000085a00000| Untracked 
|  41|0x0000000085b00000, 0x0000000085b00000, 0x0000000085c00000|  0%| F|  |TAMS 0x0000000085b00000, 0x0000000085b00000| Untracked 
|  42|0x0000000085c00000, 0x0000000085c00000, 0x0000000085d00000|  0%| F|  |TAMS 0x0000000085c00000, 0x0000000085c00000| Untracked 
|  43|0x0000000085d00000, 0x0000000085d00000, 0x0000000085e00000|  0%| F|  |TAMS 0x0000000085d00000, 0x0000000085d00000| Untracked 
|  44|0x0000000085e00000, 0x0000000085e00000, 0x0000000085f00000|  0%| F|  |TAMS 0x0000000085e00000, 0x0000000085e00000| Untracked 
|  45|0x0000000085f00000, 0x0000000085f00000, 0x0000000086000000|  0%| F|  |TAMS 0x0000000085f00000, 0x0000000085f00000| Untracked 
|  46|0x0000000086000000, 0x0000000086000000, 0x0000000086100000|  0%| F|  |TAMS 0x0000000086000000, 0x0000000086000000| Untracked 
|  47|0x0000000086100000, 0x0000000086100000, 0x0000000086200000|  0%| F|  |TAMS 0x0000000086100000, 0x0000000086100000| Untracked 
|  48|0x0000000086200000, 0x0000000086200000, 0x0000000086300000|  0%| F|  |TAMS 0x0000000086200000, 0x0000000086200000| Untracked 
|  49|0x0000000086300000, 0x0000000086300000, 0x0000000086400000|  0%| F|  |TAMS 0x0000000086300000, 0x0000000086300000| Untracked 
|  50|0x0000000086400000, 0x0000000086400000, 0x0000000086500000|  0%| F|  |TAMS 0x0000000086400000, 0x0000000086400000| Untracked 
|  51|0x0000000086500000, 0x0000000086500000, 0x0000000086600000|  0%| F|  |TAMS 0x0000000086500000, 0x0000000086500000| Untracked 
|  52|0x0000000086600000, 0x0000000086600000, 0x0000000086700000|  0%| F|  |TAMS 0x0000000086600000, 0x0000000086600000| Untracked 
|  53|0x0000000086700000, 0x0000000086700000, 0x0000000086800000|  0%| F|  |TAMS 0x0000000086700000, 0x0000000086700000| Untracked 
|  54|0x0000000086800000, 0x0000000086800000, 0x0000000086900000|  0%| F|  |TAMS 0x0000000086800000, 0x0000000086800000| Untracked 
|  55|0x0000000086900000, 0x0000000086900000, 0x0000000086a00000|  0%| F|  |TAMS 0x0000000086900000, 0x0000000086900000| Untracked 
|  56|0x0000000086a00000, 0x0000000086a00000, 0x0000000086b00000|  0%| F|  |TAMS 0x0000000086a00000, 0x0000000086a00000| Untracked 
|  57|0x0000000086b00000, 0x0000000086b00000, 0x0000000086c00000|  0%| F|  |TAMS 0x0000000086b00000, 0x0000000086b00000| Untracked 
|  58|0x0000000086c00000, 0x0000000086c00000, 0x0000000086d00000|  0%| F|  |TAMS 0x0000000086c00000, 0x0000000086c00000| Untracked 
|  59|0x0000000086d00000, 0x0000000086d00000, 0x0000000086e00000|  0%| F|  |TAMS 0x0000000086d00000, 0x0000000086d00000| Untracked 
|  60|0x0000000086e00000, 0x0000000086e00000, 0x0000000086f00000|  0%| F|  |TAMS 0x0000000086e00000, 0x0000000086e00000| Untracked 
|  61|0x0000000086f00000, 0x0000000086f00000, 0x0000000087000000|  0%| F|  |TAMS 0x0000000086f00000, 0x0000000086f00000| Untracked 
|  62|0x0000000087000000, 0x0000000087000000, 0x0000000087100000|  0%| F|  |TAMS 0x0000000087000000, 0x0000000087000000| Untracked 
|  63|0x0000000087100000, 0x0000000087100000, 0x0000000087200000|  0%| F|  |TAMS 0x0000000087100000, 0x0000000087100000| Untracked 
|  64|0x0000000087200000, 0x0000000087200000, 0x0000000087300000|  0%| F|  |TAMS 0x0000000087200000, 0x0000000087200000| Untracked 
|  65|0x0000000087300000, 0x0000000087300000, 0x0000000087400000|  0%| F|  |TAMS 0x0000000087300000, 0x0000000087300000| Untracked 
|  66|0x0000000087400000, 0x0000000087400000, 0x0000000087500000|  0%| F|  |TAMS 0x0000000087400000, 0x0000000087400000| Untracked 
|  67|0x0000000087500000, 0x0000000087500000, 0x0000000087600000|  0%| F|  |TAMS 0x0000000087500000, 0x0000000087500000| Untracked 
|  68|0x0000000087600000, 0x0000000087600000, 0x0000000087700000|  0%| F|  |TAMS 0x0000000087600000, 0x0000000087600000| Untracked 
|  69|0x0000000087700000, 0x0000000087700000, 0x0000000087800000|  0%| F|  |TAMS 0x0000000087700000, 0x0000000087700000| Untracked 
|  70|0x0000000087800000, 0x0000000087800000, 0x0000000087900000|  0%| F|  |TAMS 0x0000000087800000, 0x0000000087800000| Untracked 
|  71|0x0000000087900000, 0x0000000087900000, 0x0000000087a00000|  0%| F|  |TAMS 0x0000000087900000, 0x0000000087900000| Untracked 
|  72|0x0000000087a00000, 0x0000000087a00000, 0x0000000087b00000|  0%| F|  |TAMS 0x0000000087a00000, 0x0000000087a00000| Untracked 
|  73|0x0000000087b00000, 0x0000000087b00000, 0x0000000087c00000|  0%| F|  |TAMS 0x0000000087b00000, 0x0000000087b00000| Untracked 
|  74|0x0000000087c00000, 0x0000000087c00000, 0x0000000087d00000|  0%| F|  |TAMS 0x0000000087c00000, 0x0000000087c00000| Untracked 
|  75|0x0000000087d00000, 0x0000000087d00000, 0x0000000087e00000|  0%| F|  |TAMS 0x0000000087d00000, 0x0000000087d00000| Untracked 
|  76|0x0000000087e00000, 0x0000000087e00000, 0x0000000087f00000|  0%| F|  |TAMS 0x0000000087e00000, 0x0000000087e00000| Untracked 
|  77|0x0000000087f00000, 0x0000000087f00000, 0x0000000088000000|  0%| F|  |TAMS 0x0000000087f00000, 0x0000000087f00000| Untracked 
|  78|0x0000000088000000, 0x0000000088000000, 0x0000000088100000|  0%| F|  |TAMS 0x0000000088000000, 0x0000000088000000| Untracked 
|  79|0x0000000088100000, 0x0000000088100000, 0x0000000088200000|  0%| F|  |TAMS 0x0000000088100000, 0x0000000088100000| Untracked 
|  80|0x0000000088200000, 0x0000000088200000, 0x0000000088300000|  0%| F|  |TAMS 0x0000000088200000, 0x0000000088200000| Untracked 
|  81|0x0000000088300000, 0x0000000088300000, 0x0000000088400000|  0%| F|  |TAMS 0x0000000088300000, 0x0000000088300000| Untracked 
|  82|0x0000000088400000, 0x0000000088400000, 0x0000000088500000|  0%| F|  |TAMS 0x0000000088400000, 0x0000000088400000| Untracked 
|  83|0x0000000088500000, 0x0000000088500000, 0x0000000088600000|  0%| F|  |TAMS 0x0000000088500000, 0x0000000088500000| Untracked 
|  84|0x0000000088600000, 0x0000000088600000, 0x0000000088700000|  0%| F|  |TAMS 0x0000000088600000, 0x0000000088600000| Untracked 
|  85|0x0000000088700000, 0x0000000088700000, 0x0000000088800000|  0%| F|  |TAMS 0x0000000088700000, 0x0000000088700000| Untracked 
|  86|0x0000000088800000, 0x0000000088800000, 0x0000000088900000|  0%| F|  |TAMS 0x0000000088800000, 0x0000000088800000| Untracked 
|  87|0x0000000088900000, 0x0000000088900000, 0x0000000088a00000|  0%| F|  |TAMS 0x0000000088900000, 0x0000000088900000| Untracked 
|  88|0x0000000088a00000, 0x0000000088a00000, 0x0000000088b00000|  0%| F|  |TAMS 0x0000000088a00000, 0x0000000088a00000| Untracked 
|  89|0x0000000088b00000, 0x0000000088b00000, 0x0000000088c00000|  0%| F|  |TAMS 0x0000000088b00000, 0x0000000088b00000| Untracked 
|  90|0x0000000088c00000, 0x0000000088c00000, 0x0000000088d00000|  0%| F|  |TAMS 0x0000000088c00000, 0x0000000088c00000| Untracked 
|  91|0x0000000088d00000, 0x0000000088d00000, 0x0000000088e00000|  0%| F|  |TAMS 0x0000000088d00000, 0x0000000088d00000| Untracked 
|  92|0x0000000088e00000, 0x0000000088e00000, 0x0000000088f00000|  0%| F|  |TAMS 0x0000000088e00000, 0x0000000088e00000| Untracked 
|  93|0x0000000088f00000, 0x0000000088f00000, 0x0000000089000000|  0%| F|  |TAMS 0x0000000088f00000, 0x0000000088f00000| Untracked 
|  94|0x0000000089000000, 0x0000000089000000, 0x0000000089100000|  0%| F|  |TAMS 0x0000000089000000, 0x0000000089000000| Untracked 
|  95|0x0000000089100000, 0x0000000089100000, 0x0000000089200000|  0%| F|  |TAMS 0x0000000089100000, 0x0000000089100000| Untracked 
|  96|0x0000000089200000, 0x0000000089200000, 0x0000000089300000|  0%| F|  |TAMS 0x0000000089200000, 0x0000000089200000| Untracked 
|  97|0x0000000089300000, 0x0000000089300000, 0x0000000089400000|  0%| F|  |TAMS 0x0000000089300000, 0x0000000089300000| Untracked 
|  98|0x0000000089400000, 0x0000000089400000, 0x0000000089500000|  0%| F|  |TAMS 0x0000000089400000, 0x0000000089400000| Untracked 
|  99|0x0000000089500000, 0x0000000089500000, 0x0000000089600000|  0%| F|  |TAMS 0x0000000089500000, 0x0000000089500000| Untracked 
| 100|0x0000000089600000, 0x0000000089600000, 0x0000000089700000|  0%| F|  |TAMS 0x0000000089600000, 0x0000000089600000| Untracked 
| 101|0x0000000089700000, 0x0000000089700000, 0x0000000089800000|  0%| F|  |TAMS 0x0000000089700000, 0x0000000089700000| Untracked 
| 102|0x0000000089800000, 0x0000000089800000, 0x0000000089900000|  0%| F|  |TAMS 0x0000000089800000, 0x0000000089800000| Untracked 
| 103|0x0000000089900000, 0x0000000089900000, 0x0000000089a00000|  0%| F|  |TAMS 0x0000000089900000, 0x0000000089900000| Untracked 
| 104|0x0000000089a00000, 0x0000000089a00000, 0x0000000089b00000|  0%| F|  |TAMS 0x0000000089a00000, 0x0000000089a00000| Untracked 
| 105|0x0000000089b00000, 0x0000000089b00000, 0x0000000089c00000|  0%| F|  |TAMS 0x0000000089b00000, 0x0000000089b00000| Untracked 
| 106|0x0000000089c00000, 0x0000000089c00000, 0x0000000089d00000|  0%| F|  |TAMS 0x0000000089c00000, 0x0000000089c00000| Untracked 
| 107|0x0000000089d00000, 0x0000000089def8a0, 0x0000000089e00000| 93%| E|  |TAMS 0x0000000089d00000, 0x0000000089d00000| Complete 
| 108|0x0000000089e00000, 0x0000000089f00000, 0x0000000089f00000|100%| E|CS|TAMS 0x0000000089e00000, 0x0000000089e00000| Complete 
| 109|0x0000000089f00000, 0x000000008a000000, 0x000000008a000000|100%| E|CS|TAMS 0x0000000089f00000, 0x0000000089f00000| Complete 
| 110|0x000000008a000000, 0x000000008a100000, 0x000000008a100000|100%| E|CS|TAMS 0x000000008a000000, 0x000000008a000000| Complete 
| 111|0x000000008a100000, 0x000000008a200000, 0x000000008a200000|100%| E|CS|TAMS 0x000000008a100000, 0x000000008a100000| Complete 
| 112|0x000000008a200000, 0x000000008a300000, 0x000000008a300000|100%| E|CS|TAMS 0x000000008a200000, 0x000000008a200000| Complete 
| 113|0x000000008a300000, 0x000000008a400000, 0x000000008a400000|100%| E|CS|TAMS 0x000000008a300000, 0x000000008a300000| Complete 
| 114|0x000000008a400000, 0x000000008a500000, 0x000000008a500000|100%| E|  |TAMS 0x000000008a400000, 0x000000008a400000| Complete 
| 115|0x000000008a500000, 0x000000008a600000, 0x000000008a600000|100%| E|CS|TAMS 0x000000008a500000, 0x000000008a500000| Complete 
| 116|0x000000008a600000, 0x000000008a700000, 0x000000008a700000|100%| E|CS|TAMS 0x000000008a600000, 0x000000008a600000| Complete 
| 117|0x000000008a700000, 0x000000008a800000, 0x000000008a800000|100%| E|CS|TAMS 0x000000008a700000, 0x000000008a700000| Complete 
| 118|0x000000008a800000, 0x000000008a900000, 0x000000008a900000|100%| E|CS|TAMS 0x000000008a800000, 0x000000008a800000| Complete 
| 119|0x000000008a900000, 0x000000008aa00000, 0x000000008aa00000|100%| E|CS|TAMS 0x000000008a900000, 0x000000008a900000| Complete 
| 120|0x000000008aa00000, 0x000000008ab00000, 0x000000008ab00000|100%| E|CS|TAMS 0x000000008aa00000, 0x000000008aa00000| Complete 
| 121|0x000000008ab00000, 0x000000008ac00000, 0x000000008ac00000|100%| E|CS|TAMS 0x000000008ab00000, 0x000000008ab00000| Complete 
| 122|0x000000008ac00000, 0x000000008ad00000, 0x000000008ad00000|100%| E|CS|TAMS 0x000000008ac00000, 0x000000008ac00000| Complete 
| 123|0x000000008ad00000, 0x000000008ae00000, 0x000000008ae00000|100%| E|CS|TAMS 0x000000008ad00000, 0x000000008ad00000| Complete 
| 124|0x000000008ae00000, 0x000000008af00000, 0x000000008af00000|100%| E|CS|TAMS 0x000000008ae00000, 0x000000008ae00000| Complete 
| 125|0x000000008af00000, 0x000000008b000000, 0x000000008b000000|100%| E|CS|TAMS 0x000000008af00000, 0x000000008af00000| Complete 

Card table byte_map: [0x0000016a76d90000,0x0000016a77180000] _byte_map_base: 0x0000016a76977000

Marking Bits (Prev, Next): (CMBitMap*) 0x0000016a6e7822f0, (CMBitMap*) 0x0000016a6e782330
 Prev Bits: [0x0000016a77570000, 0x0000016a794a8000)
 Next Bits: [0x0000016a794b0000, 0x0000016a7b3e8000)

Polling page: 0x0000016a6c700000

Metaspace:

Usage:
  Non-class:      3.90 MB used.
      Class:    503.05 KB used.
       Both:      4.39 MB used.

Virtual space:
  Non-class space:       64.00 MB reserved,       4.00 MB (  6%) committed,  1 nodes.
      Class space:        1.00 GB reserved,     576.00 KB ( <1%) committed,  1 nodes.
             Both:        1.06 GB reserved,       4.56 MB ( <1%) committed. 

Chunk freelists:
   Non-Class:  2.31 MB
       Class:  3.42 MB
        Both:  5.73 MB

MaxMetaspaceSize: unlimited
CompressedClassSpaceSize: 1.00 GB
Initial GC threshold: 21.00 MB
Current GC threshold: 21.00 MB
CDS: on
MetaspaceReclaimPolicy: balanced
 - commit_granule_bytes: 65536.
 - commit_granule_words: 8192.
 - virtual_space_node_default_size: 8388608.
 - enlarge_chunks_in_place: 1.
 - new_chunks_are_fully_committed: 0.
 - uncommit_free_chunks: 1.
 - use_allocation_guard: 0.


Internal statistics:

num_allocs_failed_limit: 0.
num_arena_births: 146.
num_arena_deaths: 0.
num_vsnodes_births: 2.
num_vsnodes_deaths: 0.
num_space_committed: 73.
num_space_uncommitted: 0.
num_chunks_returned_to_freelist: 0.
num_chunks_taken_from_freelist: 246.
num_chunk_merges: 0.
num_chunk_splits: 162.
num_chunks_enlarged: 113.
num_inconsistent_stats: 0.

CodeHeap 'non-profiled nmethods': size=120000Kb used=269Kb max_used=269Kb free=119731Kb
 bounds [0x0000016a07ad0000, 0x0000016a07d40000, 0x0000016a0f000000]
CodeHeap 'profiled nmethods': size=120000Kb used=1417Kb max_used=1417Kb free=118583Kb
 bounds [0x0000016a00000000, 0x0000016a00270000, 0x0000016a07530000]
CodeHeap 'non-nmethods': size=5760Kb used=1276Kb max_used=1290Kb free=4483Kb
 bounds [0x0000016a07530000, 0x0000016a077a0000, 0x0000016a07ad0000]
 total_blobs=1384 nmethods=907 adapters=388
 compilation: enabled
              stopped_count=0, restarted_count=0
 full_count=0

Compilation events (20 events):
Event: 0.882 Thread 0x0000016a7de503a0 nmethod 860 0x0000016a0014a390 code [0x0000016a0014a540, 0x0000016a0014a708]
Event: 0.883 Thread 0x0000016a7de503a0  862       3       jdk.internal.org.objectweb.asm.MethodWriter::visitAbstractType (8 bytes)
Event: 0.883 Thread 0x0000016a7de503a0 nmethod 862 0x0000016a0014a810 code [0x0000016a0014a9a0, 0x0000016a0014aad8]
Event: 0.883 Thread 0x0000016a7de503a0  863       3       java.util.ArrayList::iterator (9 bytes)
Event: 0.883 Thread 0x0000016a7de503a0 nmethod 863 0x0000016a0014ab90 code [0x0000016a0014ad40, 0x0000016a0014afd8]
Event: 0.883 Thread 0x0000016a7de503a0  866       3       jdk.internal.org.objectweb.asm.Frame::pop (53 bytes)
Event: 0.883 Thread 0x0000016a7de503a0 nmethod 866 0x0000016a0014b110 code [0x0000016a0014b360, 0x0000016a0014baf8]
Event: 0.883 Thread 0x0000016a7de503a0  867       3       jdk.internal.org.objectweb.asm.AnnotationWriter::computeAnnotationsSize (66 bytes)
Event: 0.884 Thread 0x0000016a7de503a0 nmethod 867 0x0000016a0014be10 code [0x0000016a0014c000, 0x0000016a0014c338]
Event: 0.884 Thread 0x0000016a7de503a0  868       3       jdk.internal.org.objectweb.asm.Attribute::putAttributes (78 bytes)
Event: 0.884 Thread 0x0000016a7de503a0 nmethod 868 0x0000016a0014c510 code [0x0000016a0014c760, 0x0000016a0014cc98]
Event: 0.884 Thread 0x0000016a7de503a0  865       3       jdk.internal.org.objectweb.asm.MethodWriter::visitFieldInsn (258 bytes)
Event: 0.885 Thread 0x0000016a7de503a0 nmethod 865 0x0000016a0014cf90 code [0x0000016a0014d200, 0x0000016a0014ddc8]
Event: 0.885 Thread 0x0000016a7de503a0  864       3       java.util.ArrayList$Itr::<init> (26 bytes)
Event: 0.885 Thread 0x0000016a7de503a0 nmethod 864 0x0000016a0014e210 code [0x0000016a0014e3c0, 0x0000016a0014e598]
Event: 0.886 Thread 0x0000016a7de503a0  869       3       java.lang.invoke.MethodHandle::isBuiltinLoader (24 bytes)
Event: 0.886 Thread 0x0000016a7de503a0 nmethod 869 0x0000016a0014e690 code [0x0000016a0014e840, 0x0000016a0014eab8]
Event: 0.886 Thread 0x0000016a7de503a0  871       3       java.lang.invoke.LambdaForm$Name::replaceNames (175 bytes)
Event: 0.886 Thread 0x0000016a7de503a0 nmethod 871 0x0000016a0014eb90 code [0x0000016a0014ede0, 0x0000016a0014f9f8]
Event: 0.886 Thread 0x0000016a7de503a0  872       3       jdk.internal.org.objectweb.asm.SymbolTable::addTypeInternal (85 bytes)

GC Heap History (0 events):
No events

Dll operation events (20 events):
Event: 0.621 Loaded shared library C:\Users\julie\.openjfx\cache\19-ea+7\amd64\api-ms-win-crt-convert-l1-1-0.dll
Event: 0.628 Loaded shared library C:\Users\julie\.openjfx\cache\19-ea+7\amd64\api-ms-win-crt-environment-l1-1-0.dll
Event: 0.631 Loaded shared library C:\Users\julie\.openjfx\cache\19-ea+7\amd64\api-ms-win-crt-filesystem-l1-1-0.dll
Event: 0.635 Loaded shared library C:\Users\julie\.openjfx\cache\19-ea+7\amd64\api-ms-win-crt-heap-l1-1-0.dll
Event: 0.639 Loaded shared library C:\Users\julie\.openjfx\cache\19-ea+7\amd64\api-ms-win-crt-locale-l1-1-0.dll
Event: 0.643 Loaded shared library C:\Users\julie\.openjfx\cache\19-ea+7\amd64\api-ms-win-crt-math-l1-1-0.dll
Event: 0.649 Loaded shared library C:\Users\julie\.openjfx\cache\19-ea+7\amd64\api-ms-win-crt-multibyte-l1-1-0.dll
Event: 0.654 Loaded shared library C:\Users\julie\.openjfx\cache\19-ea+7\amd64\api-ms-win-crt-private-l1-1-0.dll
Event: 0.658 Loaded shared library C:\Users\julie\.openjfx\cache\19-ea+7\amd64\api-ms-win-crt-process-l1-1-0.dll
Event: 0.661 Loaded shared library C:\Users\julie\.openjfx\cache\19-ea+7\amd64\api-ms-win-crt-runtime-l1-1-0.dll
Event: 0.665 Loaded shared library C:\Users\julie\.openjfx\cache\19-ea+7\amd64\api-ms-win-crt-stdio-l1-1-0.dll
Event: 0.668 Loaded shared library C:\Users\julie\.openjfx\cache\19-ea+7\amd64\api-ms-win-crt-string-l1-1-0.dll
Event: 0.670 Loaded shared library C:\Users\julie\.openjfx\cache\19-ea+7\amd64\api-ms-win-crt-time-l1-1-0.dll
Event: 0.673 Loaded shared library C:\Users\julie\.openjfx\cache\19-ea+7\amd64\api-ms-win-crt-utility-l1-1-0.dll
Event: 0.688 Loaded shared library C:\Users\julie\.openjfx\cache\19-ea+7\amd64\ucrtbase.dll
Event: 0.692 Loaded shared library C:\Users\julie\.openjfx\cache\19-ea+7\amd64\vcruntime140.dll
Event: 0.696 Loaded shared library C:\Users\julie\.openjfx\cache\19-ea+7\amd64\vcruntime140_1.dll
Event: 0.705 Loaded shared library C:\Users\julie\.openjfx\cache\19-ea+7\amd64\msvcp140.dll
Event: 0.762 Loaded shared library C:\Users\julie\.openjfx\cache\19-ea+7\amd64\prism_d3d.dll
Event: 0.816 Loaded shared library C:\Users\julie\.openjfx\cache\19-ea+7\amd64\glass.dll

Deoptimization events (20 events):
Event: 0.304 Thread 0x0000016a6e71f620 DEOPT PACKING pc=0x0000016a07ad7744 sp=0x00000018f69fecb0
Event: 0.304 Thread 0x0000016a6e71f620 DEOPT UNPACKING pc=0x0000016a0759a5a3 sp=0x00000018f69febf0 mode 2
Event: 0.459 Thread 0x0000016a6e71f620 Uncommon trap: trap_request=0xffffff45 fr.pc=0x0000016a07adfad0 relative=0x0000000000000610
Event: 0.459 Thread 0x0000016a6e71f620 Uncommon trap: reason=unstable_if action=reinterpret pc=0x0000016a07adfad0 method=jdk.internal.module.Checks.isJavaIdentifier(Ljava/lang/String;)Z @ 4 c2
Event: 0.459 Thread 0x0000016a6e71f620 DEOPT PACKING pc=0x0000016a07adfad0 sp=0x00000018f69fe6c0
Event: 0.459 Thread 0x0000016a6e71f620 DEOPT UNPACKING pc=0x0000016a0759a5a3 sp=0x00000018f69fe660 mode 2
Event: 0.472 Thread 0x0000016a6e71f620 Uncommon trap: trap_request=0xffffff45 fr.pc=0x0000016a07ae5dec relative=0x0000000000000dcc
Event: 0.472 Thread 0x0000016a6e71f620 Uncommon trap: reason=unstable_if action=reinterpret pc=0x0000016a07ae5dec method=java.util.HashMap.putVal(ILjava/lang/Object;Ljava/lang/Object;ZZ)Ljava/lang/Object; @ 193 c2
Event: 0.472 Thread 0x0000016a6e71f620 DEOPT PACKING pc=0x0000016a07ae5dec sp=0x00000018f69fe330
Event: 0.472 Thread 0x0000016a6e71f620 DEOPT UNPACKING pc=0x0000016a0759a5a3 sp=0x00000018f69fe2e0 mode 2
Event: 0.691 Thread 0x0000016a6e71f620 DEOPT PACKING pc=0x0000016a000ed42f sp=0x00000018f69fe590
Event: 0.691 Thread 0x0000016a6e71f620 DEOPT UNPACKING pc=0x0000016a0759b0e3 sp=0x00000018f69fd9b0 mode 0
Event: 0.834 Thread 0x0000016a7e6cf370 Uncommon trap: trap_request=0xffffff45 fr.pc=0x0000016a07aff294 relative=0x0000000000000254
Event: 0.834 Thread 0x0000016a7e6cf370 Uncommon trap: reason=unstable_if action=reinterpret pc=0x0000016a07aff294 method=java.lang.invoke.VarHandle.checkAccessModeThenIsDirect(Ljava/lang/invoke/VarHandle$AccessDescriptor;)Z @ 4 c2
Event: 0.834 Thread 0x0000016a7e6cf370 DEOPT PACKING pc=0x0000016a07aff294 sp=0x00000018f7ffedd0
Event: 0.834 Thread 0x0000016a7e6cf370 DEOPT UNPACKING pc=0x0000016a0759a5a3 sp=0x00000018f7ffed28 mode 2
Event: 0.884 Thread 0x0000016a7e6cf370 Uncommon trap: trap_request=0xffffff45 fr.pc=0x0000016a07b00a94 relative=0x0000000000000074
Event: 0.884 Thread 0x0000016a7e6cf370 Uncommon trap: reason=unstable_if action=reinterpret pc=0x0000016a07b00a94 method=jdk.internal.misc.Unsafe.convEndian(ZI)I @ 4 c2
Event: 0.884 Thread 0x0000016a7e6cf370 DEOPT PACKING pc=0x0000016a07b00a94 sp=0x00000018f7ffdaf0
Event: 0.884 Thread 0x0000016a7e6cf370 DEOPT UNPACKING pc=0x0000016a0759a5a3 sp=0x00000018f7ffda20 mode 2

Classes loaded (20 events):
Event: 0.876 Loading class java/util/LinkedHashMap$LinkedValueIterator
Event: 0.876 Loading class java/util/LinkedHashMap$LinkedValueIterator done
Event: 0.877 Loading class java/lang/WeakPairMap$Pair$Weak
Event: 0.877 Loading class java/lang/WeakPairMap$WeakRefPeer
Event: 0.877 Loading class java/lang/WeakPairMap$WeakRefPeer done
Event: 0.878 Loading class java/lang/WeakPairMap$Pair$Weak done
Event: 0.878 Loading class java/lang/WeakPairMap$Pair$Weak$1
Event: 0.878 Loading class java/lang/WeakPairMap$Pair$Weak$1 done
Event: 0.880 Loading class java/lang/reflect/ProxyGenerator
Event: 0.881 Loading class java/lang/reflect/ProxyGenerator done
Event: 0.881 Loading class java/lang/reflect/ProxyGenerator$ProxyMethod
Event: 0.881 Loading class java/lang/reflect/ProxyGenerator$ProxyMethod done
Event: 0.882 Loading class java/lang/reflect/ProxyGenerator$PrimitiveTypeInfo
Event: 0.882 Loading class java/lang/reflect/ProxyGenerator$PrimitiveTypeInfo done
Event: 0.882 Loading class jdk/internal/org/objectweb/asm/Edge
Event: 0.882 Loading class jdk/internal/org/objectweb/asm/Edge done
Event: 0.883 Loading class java/lang/reflect/Proxy$ProxyBuilder$1
Event: 0.883 Loading class java/lang/reflect/Proxy$ProxyBuilder$1 done
Event: 0.884 Loading class java/lang/annotation/Target
Event: 0.884 Loading class java/lang/annotation/Target done

Classes unloaded (0 events):
No events

Classes redefined (0 events):
No events

Internal exceptions (15 events):
Event: 0.110 Thread 0x0000016a6e71f620 Exception <a 'java/lang/NoSuchMethodError'{0x000000008ae37650}: 'void java.lang.invoke.DirectMethodHandle$Holder.invokeVirtual(java.lang.Object, java.lang.Object)'> (0x000000008ae37650) 
thrown [s\open\src\hotspot\share\interpreter\linkResolver.cpp, line 774]
Event: 0.285 Thread 0x0000016a6e71f620 Exception <a 'java/lang/NoSuchMethodError'{0x000000008a96c928}: 'void java.lang.invoke.DirectMethodHandle$Holder.invokeStatic(java.lang.Object, java.lang.Object, java.lang.Object)'> (0x000000008a96c928) 
thrown [s\open\src\hotspot\share\interpreter\linkResolver.cpp, line 774]
Event: 0.297 Thread 0x0000016a6e71f620 Exception <a 'java/lang/NoSuchMethodError'{0x000000008a984450}: 'java.lang.Object java.lang.invoke.Invokers$Holder.invokeExact_MT(java.lang.Object, java.lang.Object, java.lang.Object, java.lang.Object, java.lang.Object)'> (0x000000008a984450) 
thrown [s\open\src\hotspot\share\interpreter\linkResolver.cpp, line 774]
Event: 0.316 Thread 0x0000016a7e189ae0 Exception <a 'java/lang/ClassNotFoundException'{0x000000008a9f0800}: jdk/net/ExtendedSocketOptions> (0x000000008a9f0800) 
thrown [s\open\src\hotspot\share\classfile\systemDictionary.cpp, line 255]
Event: 0.318 Thread 0x0000016a7e189ae0 Exception <a 'java/lang/NoSuchMethodError'{0x000000008a9f21b0}: 'void java.lang.invoke.DirectMethodHandle$Holder.invokeStatic(java.lang.Object, java.lang.Object)'> (0x000000008a9f21b0) 
thrown [s\open\src\hotspot\share\interpreter\linkResolver.cpp, line 774]
Event: 0.386 Thread 0x0000016a6e71f620 Exception <a 'java/lang/NoSuchMethodError'{0x000000008a8a5320}: 'java.lang.Object java.lang.invoke.DirectMethodHandle$Holder.invokeStaticInit(java.lang.Object)'> (0x000000008a8a5320) 
thrown [s\open\src\hotspot\share\interpreter\linkResolver.cpp, line 774]
Event: 0.388 Thread 0x0000016a6e71f620 Exception <a 'java/lang/NoSuchMethodError'{0x000000008a8abd80}: 'void java.lang.invoke.DirectMethodHandle$Holder.invokeStatic(java.lang.Object, java.lang.Object, java.lang.Object, java.lang.Object)'> (0x000000008a8abd80) 
thrown [s\open\src\hotspot\share\interpreter\linkResolver.cpp, line 774]
Event: 0.388 Thread 0x0000016a6e71f620 Exception <a 'java/lang/NoSuchMethodError'{0x000000008a8afce0}: 'void java.lang.invoke.DirectMethodHandle$Holder.invokeSpecial(java.lang.Object, java.lang.Object, java.lang.Object, java.lang.Object, java.lang.Object)'> (0x000000008a8afce0) 
thrown [s\open\src\hotspot\share\interpreter\linkResolver.cpp, line 774]
Event: 0.399 Thread 0x0000016a6e71f620 Exception <a 'java/lang/NoSuchMethodError'{0x000000008a8c2588}: 'java.lang.Object java.lang.invoke.Invokers$Holder.invokeExact_MT(java.lang.Object, java.lang.Object, java.lang.Object, java.lang.Object, java.lang.Object, java.lang.Object)'> (0x000000008a8c2588) 
thrown [s\open\src\hotspot\share\interpreter\linkResolver.cpp, line 774]
Event: 0.735 Thread 0x0000016a6e71f620 Exception <a 'java/lang/NoSuchMethodError'{0x000000008a2886b8}: 'void java.lang.invoke.DirectMethodHandle$Holder.invokeSpecial(java.lang.Object, java.lang.Object, java.lang.Object)'> (0x000000008a2886b8) 
thrown [s\open\src\hotspot\share\interpreter\linkResolver.cpp, line 774]
Event: 0.797 Thread 0x0000016a6e71f620 Exception <a 'java/lang/NoSuchMethodError'{0x000000008a2d9760}: 'int java.lang.invoke.DirectMethodHandle$Holder.invokeStaticInit(java.lang.Object, java.lang.Object, java.lang.Object)'> (0x000000008a2d9760) 
thrown [s\open\src\hotspot\share\interpreter\linkResolver.cpp, line 774]
Event: 0.820 Thread 0x0000016a6e71f620 Exception <a 'java/lang/NoSuchMethodError'{0x000000008a019f60}: 'java.lang.Object java.lang.invoke.DirectMethodHandle$Holder.newInvokeSpecial(java.lang.Object, java.lang.Object, int, java.lang.Object)'> (0x000000008a019f60) 
thrown [s\open\src\hotspot\share\interpreter\linkResolver.cpp, line 774]
Event: 0.820 Thread 0x0000016a6e71f620 Exception <a 'java/lang/NoSuchMethodError'{0x000000008a01e358}: 'java.lang.Object java.lang.invoke.DirectMethodHandle$Holder.invokeSpecial(java.lang.Object, java.lang.Object, java.lang.Object, int, java.lang.Object)'> (0x000000008a01e358) 
thrown [s\open\src\hotspot\share\interpreter\linkResolver.cpp, line 774]
Event: 0.863 Thread 0x0000016a7e6cf370 Exception <a 'java/lang/NoSuchMethodError'{0x0000000089e02ac0}: 'void java.lang.invoke.DirectMethodHandle$Holder.invokeStaticInit(java.lang.Object)'> (0x0000000089e02ac0) 
thrown [s\open\src\hotspot\share\interpreter\linkResolver.cpp, line 774]
Event: 0.866 Thread 0x0000016a6e71f620 Exception <a 'java/lang/NoSuchMethodError'{0x000000008a0334c8}: 'java.lang.Object java.lang.invoke.DirectMethodHandle$Holder.newInvokeSpecial(java.lang.Object, java.lang.Object, java.lang.Object, java.lang.Object, java.lang.Object, java.lang.Object)'> (0x000000008a0334c8) 
thrown [s\open\src\hotspot\share\interpreter\linkResolver.cpp, line 774]

VM Operations (8 events):
Event: 0.235 Executing VM operation: HandshakeAllThreads
Event: 0.235 Executing VM operation: HandshakeAllThreads done
Event: 0.235 Executing VM operation: HandshakeAllThreads
Event: 0.235 Executing VM operation: HandshakeAllThreads done
Event: 0.312 Executing VM operation: HandshakeAllThreads
Event: 0.312 Executing VM operation: HandshakeAllThreads done
Event: 0.804 Executing VM operation: HandshakeAllThreads
Event: 0.804 Executing VM operation: HandshakeAllThreads done

Events (17 events):
Event: 0.024 Thread 0x0000016a6e71f620 Thread added: 0x0000016a6e71f620
Event: 0.042 Thread 0x0000016a7de161c0 Thread added: 0x0000016a7de161c0
Event: 0.043 Thread 0x0000016a7de16cf0 Thread added: 0x0000016a7de16cf0
Event: 0.043 Thread 0x0000016a7de19630 Thread added: 0x0000016a7de19630
Event: 0.043 Thread 0x0000016a7de1df80 Thread added: 0x0000016a7de1df80
Event: 0.043 Thread 0x0000016a7de40b50 Thread added: 0x0000016a7de40b50
Event: 0.043 Thread 0x0000016a7de41480 Thread added: 0x0000016a7de41480
Event: 0.043 Thread 0x0000016a7de49a00 Thread added: 0x0000016a7de49a00
Event: 0.044 Thread 0x0000016a7de503a0 Thread added: 0x0000016a7de503a0
Event: 0.044 Thread 0x0000016a7de6ad10 Thread added: 0x0000016a7de6ad10
Event: 0.074 Thread 0x0000016a7ddf0a30 Thread added: 0x0000016a7ddf0a30
Event: 0.304 Thread 0x0000016a7e189ae0 Thread added: 0x0000016a7e189ae0
Event: 0.304 Thread 0x0000016a7e18a020 Thread added: 0x0000016a7e18a020
Event: 0.747 Thread 0x0000016a7e664330 Thread added: 0x0000016a7e664330
Event: 0.818 Thread 0x0000016a7e6f6960 Thread added: 0x0000016a7e6f6960
Event: 0.821 Thread 0x0000016a7e6cf370 Thread added: 0x0000016a7e6cf370
Event: 0.886 Thread 0x0000016a13023b00 Thread added: 0x0000016a13023b00


Dynamic libraries:
0x00007ff777330000 - 0x00007ff77733e000 	C:\Users\julie\.jdks\openjdk-19.0.1\bin\java.exe
0x00007fff79cd0000 - 0x00007fff79ee4000 	C:\WINDOWS\SYSTEM32\ntdll.dll
0x00007fff78580000 - 0x00007fff78643000 	C:\WINDOWS\System32\KERNEL32.DLL
0x00007fff77720000 - 0x00007fff77abd000 	C:\WINDOWS\System32\KERNELBASE.dll
0x00007fff77190000 - 0x00007fff772a1000 	C:\WINDOWS\System32\ucrtbase.dll
0x00007fff6fcd0000 - 0x00007fff6fceb000 	C:\Users\julie\.jdks\openjdk-19.0.1\bin\VCRUNTIME140.dll
0x00007fff69d70000 - 0x00007fff69d87000 	C:\Users\julie\.jdks\openjdk-19.0.1\bin\jli.dll
0x00007fff78180000 - 0x00007fff7832d000 	C:\WINDOWS\System32\USER32.dll
0x00007fff772b0000 - 0x00007fff772d6000 	C:\WINDOWS\System32\win32u.dll
0x00007fff69ad0000 - 0x00007fff69d5e000 	C:\WINDOWS\WinSxS\amd64_microsoft.windows.common-controls_6595b64144ccf1df_6.0.22621.608_none_a9444ca7c10bb01d\COMCTL32.dll
0x00007fff78350000 - 0x00007fff78379000 	C:\WINDOWS\System32\GDI32.dll
0x00007fff78380000 - 0x00007fff78427000 	C:\WINDOWS\System32\msvcrt.dll
0x00007fff772e0000 - 0x00007fff773f2000 	C:\WINDOWS\System32\gdi32full.dll
0x00007fff770f0000 - 0x00007fff7718a000 	C:\WINDOWS\System32\msvcp_win.dll
0x00007fff784f0000 - 0x00007fff78522000 	C:\WINDOWS\System32\IMM32.DLL
0x00007fff6fc80000 - 0x00007fff6fc8c000 	C:\Users\julie\.jdks\openjdk-19.0.1\bin\vcruntime140_1.dll
0x00007fff561c0000 - 0x00007fff5624e000 	C:\Users\julie\.jdks\openjdk-19.0.1\bin\msvcp140.dll
0x00007ffef2a50000 - 0x00007ffef3710000 	C:\Users\julie\.jdks\openjdk-19.0.1\bin\server\jvm.dll
0x00007fff79470000 - 0x00007fff7951e000 	C:\WINDOWS\System32\ADVAPI32.dll
0x00007fff79720000 - 0x00007fff797c4000 	C:\WINDOWS\System32\sechost.dll
0x00007fff79b60000 - 0x00007fff79c75000 	C:\WINDOWS\System32\RPCRT4.dll
0x00007fff69e90000 - 0x00007fff69e9a000 	C:\WINDOWS\SYSTEM32\VERSION.dll
0x00007fff5eb90000 - 0x00007fff5eb99000 	C:\WINDOWS\SYSTEM32\WSOCK32.dll
0x00007fff79060000 - 0x00007fff790d1000 	C:\WINDOWS\System32\WS2_32.dll
0x00007fff6fe70000 - 0x00007fff6fea4000 	C:\WINDOWS\SYSTEM32\WINMM.dll
0x00007fff76120000 - 0x00007fff76138000 	C:\WINDOWS\SYSTEM32\kernel.appcore.dll
0x00007fff67210000 - 0x00007fff6721a000 	C:\Users\julie\.jdks\openjdk-19.0.1\bin\jimage.dll
0x00007fff677a0000 - 0x00007fff679ce000 	C:\WINDOWS\SYSTEM32\DBGHELP.DLL
0x00007fff797d0000 - 0x00007fff79b5a000 	C:\WINDOWS\System32\combase.dll
0x00007fff79390000 - 0x00007fff79467000 	C:\WINDOWS\System32\OLEAUT32.dll
0x00007fff67760000 - 0x00007fff67792000 	C:\WINDOWS\SYSTEM32\dbgcore.DLL
0x00007fff77400000 - 0x00007fff7747b000 	C:\WINDOWS\System32\bcryptPrimitives.dll
0x00007fff66cf0000 - 0x00007fff66cfe000 	C:\Users\julie\.jdks\openjdk-19.0.1\bin\instrument.dll
0x00007fff66800000 - 0x00007fff66826000 	C:\Users\julie\.jdks\openjdk-19.0.1\bin\java.dll
0x00007fff33960000 - 0x00007fff33a37000 	C:\Users\julie\.jdks\openjdk-19.0.1\bin\jsvml.dll
0x00007fff787f0000 - 0x00007fff78fdf000 	C:\WINDOWS\System32\SHELL32.dll
0x00007fff750d0000 - 0x00007fff75998000 	C:\WINDOWS\SYSTEM32\windows.storage.dll
0x00007fff74f90000 - 0x00007fff750ce000 	C:\WINDOWS\SYSTEM32\wintypes.dll
0x00007fff795b0000 - 0x00007fff796a1000 	C:\WINDOWS\System32\SHCORE.dll
0x00007fff79210000 - 0x00007fff7926e000 	C:\WINDOWS\System32\shlwapi.dll
0x00007fff77020000 - 0x00007fff77041000 	C:\WINDOWS\SYSTEM32\profapi.dll
0x00007fff66750000 - 0x00007fff66763000 	C:\Users\julie\.jdks\openjdk-19.0.1\bin\net.dll
0x00007fff71fa0000 - 0x00007fff720cf000 	C:\WINDOWS\SYSTEM32\WINHTTP.dll
0x00007fff76580000 - 0x00007fff765e9000 	C:\WINDOWS\system32\mswsock.dll
0x00007fff661f0000 - 0x00007fff66206000 	C:\Users\julie\.jdks\openjdk-19.0.1\bin\nio.dll
0x00007fff66010000 - 0x00007fff66028000 	C:\Users\julie\.jdks\openjdk-19.0.1\bin\zip.dll
0x00007fff63930000 - 0x00007fff6394a000 	C:\Users\julie\AppData\Local\JetBrains\Toolbox\apps\IDEA-U\ch-0\222.4345.14\bin\breakgen64.dll
0x0000016a6e6c0000 - 0x0000016a6e6c3000 	C:\Users\julie\.openjfx\cache\19-ea+7\amd64\api-ms-win-core-console-l1-1-0.dll
0x0000016a6e6d0000 - 0x0000016a6e6d3000 	C:\Users\julie\.openjfx\cache\19-ea+7\amd64\api-ms-win-core-console-l1-2-0.dll
0x0000016a7eb70000 - 0x0000016a7eb73000 	C:\Users\julie\.openjfx\cache\19-ea+7\amd64\api-ms-win-core-datetime-l1-1-0.dll
0x0000016a7eb80000 - 0x0000016a7eb83000 	C:\Users\julie\.openjfx\cache\19-ea+7\amd64\api-ms-win-core-debug-l1-1-0.dll
0x0000016a7eb90000 - 0x0000016a7eb93000 	C:\Users\julie\.openjfx\cache\19-ea+7\amd64\api-ms-win-core-errorhandling-l1-1-0.dll
0x0000016a7eba0000 - 0x0000016a7eba4000 	C:\Users\julie\.openjfx\cache\19-ea+7\amd64\api-ms-win-core-file-l1-1-0.dll
0x0000016a7ebb0000 - 0x0000016a7ebb3000 	C:\Users\julie\.openjfx\cache\19-ea+7\amd64\api-ms-win-core-file-l1-2-0.dll
0x0000016a7ebc0000 - 0x0000016a7ebc3000 	C:\Users\julie\.openjfx\cache\19-ea+7\amd64\api-ms-win-core-file-l2-1-0.dll
0x0000016a7ebd0000 - 0x0000016a7ebd3000 	C:\Users\julie\.openjfx\cache\19-ea+7\amd64\api-ms-win-core-handle-l1-1-0.dll
0x0000016a7ebe0000 - 0x0000016a7ebe3000 	C:\Users\julie\.openjfx\cache\19-ea+7\amd64\api-ms-win-core-heap-l1-1-0.dll
0x0000016a7ebf0000 - 0x0000016a7ebf3000 	C:\Users\julie\.openjfx\cache\19-ea+7\amd64\api-ms-win-core-interlocked-l1-1-0.dll
0x0000016a7ec00000 - 0x0000016a7ec03000 	C:\Users\julie\.openjfx\cache\19-ea+7\amd64\api-ms-win-core-libraryloader-l1-1-0.dll
0x0000016a7ec10000 - 0x0000016a7ec13000 	C:\Users\julie\.openjfx\cache\19-ea+7\amd64\api-ms-win-core-localization-l1-2-0.dll
0x0000016a7ec20000 - 0x0000016a7ec23000 	C:\Users\julie\.openjfx\cache\19-ea+7\amd64\api-ms-win-core-memory-l1-1-0.dll
0x0000016a7ec30000 - 0x0000016a7ec33000 	C:\Users\julie\.openjfx\cache\19-ea+7\amd64\api-ms-win-core-namedpipe-l1-1-0.dll
0x0000016a7ec40000 - 0x0000016a7ec43000 	C:\Users\julie\.openjfx\cache\19-ea+7\amd64\api-ms-win-core-processenvironment-l1-1-0.dll
0x0000016a7ec50000 - 0x0000016a7ec53000 	C:\Users\julie\.openjfx\cache\19-ea+7\amd64\api-ms-win-core-processthreads-l1-1-0.dll
0x0000016a7ec60000 - 0x0000016a7ec63000 	C:\Users\julie\.openjfx\cache\19-ea+7\amd64\api-ms-win-core-processthreads-l1-1-1.dll
0x0000016a7ec70000 - 0x0000016a7ec73000 	C:\Users\julie\.openjfx\cache\19-ea+7\amd64\api-ms-win-core-profile-l1-1-0.dll
0x0000016a7ec80000 - 0x0000016a7ec83000 	C:\Users\julie\.openjfx\cache\19-ea+7\amd64\api-ms-win-core-rtlsupport-l1-1-0.dll
0x0000016a7ec90000 - 0x0000016a7ec93000 	C:\Users\julie\.openjfx\cache\19-ea+7\amd64\api-ms-win-core-string-l1-1-0.dll
0x0000016a7eca0000 - 0x0000016a7eca3000 	C:\Users\julie\.openjfx\cache\19-ea+7\amd64\api-ms-win-core-synch-l1-1-0.dll
0x0000016a7ecb0000 - 0x0000016a7ecb3000 	C:\Users\julie\.openjfx\cache\19-ea+7\amd64\api-ms-win-core-synch-l1-2-0.dll
0x0000016a7ecc0000 - 0x0000016a7ecc3000 	C:\Users\julie\.openjfx\cache\19-ea+7\amd64\api-ms-win-core-sysinfo-l1-1-0.dll
0x0000016a7ecd0000 - 0x0000016a7ecd3000 	C:\Users\julie\.openjfx\cache\19-ea+7\amd64\api-ms-win-core-timezone-l1-1-0.dll
0x0000016a7ece0000 - 0x0000016a7ece3000 	C:\Users\julie\.openjfx\cache\19-ea+7\amd64\api-ms-win-core-util-l1-1-0.dll
0x0000016a7ecf0000 - 0x0000016a7ecf3000 	C:\Users\julie\.openjfx\cache\19-ea+7\amd64\api-ms-win-crt-conio-l1-1-0.dll
0x0000016a7ed00000 - 0x0000016a7ed04000 	C:\Users\julie\.openjfx\cache\19-ea+7\amd64\api-ms-win-crt-convert-l1-1-0.dll
0x0000016a7ed10000 - 0x0000016a7ed13000 	C:\Users\julie\.openjfx\cache\19-ea+7\amd64\api-ms-win-crt-environment-l1-1-0.dll
0x0000016a7ed20000 - 0x0000016a7ed23000 	C:\Users\julie\.openjfx\cache\19-ea+7\amd64\api-ms-win-crt-filesystem-l1-1-0.dll
0x0000016a7ed30000 - 0x0000016a7ed33000 	C:\Users\julie\.openjfx\cache\19-ea+7\amd64\api-ms-win-crt-heap-l1-1-0.dll
0x0000016a7ed40000 - 0x0000016a7ed43000 	C:\Users\julie\.openjfx\cache\19-ea+7\amd64\api-ms-win-crt-locale-l1-1-0.dll
0x0000016a7ed50000 - 0x0000016a7ed55000 	C:\Users\julie\.openjfx\cache\19-ea+7\amd64\api-ms-win-crt-math-l1-1-0.dll
0x0000016a7ed60000 - 0x0000016a7ed65000 	C:\Users\julie\.openjfx\cache\19-ea+7\amd64\api-ms-win-crt-multibyte-l1-1-0.dll
0x0000016a7ed70000 - 0x0000016a7ed80000 	C:\Users\julie\.openjfx\cache\19-ea+7\amd64\api-ms-win-crt-private-l1-1-0.dll
0x0000016a7ed80000 - 0x0000016a7ed83000 	C:\Users\julie\.openjfx\cache\19-ea+7\amd64\api-ms-win-crt-process-l1-1-0.dll
0x0000016a7ed90000 - 0x0000016a7ed94000 	C:\Users\julie\.openjfx\cache\19-ea+7\amd64\api-ms-win-crt-runtime-l1-1-0.dll
0x0000016a7eda0000 - 0x0000016a7eda4000 	C:\Users\julie\.openjfx\cache\19-ea+7\amd64\api-ms-win-crt-stdio-l1-1-0.dll
0x0000016a7edb0000 - 0x0000016a7edb4000 	C:\Users\julie\.openjfx\cache\19-ea+7\amd64\api-ms-win-crt-string-l1-1-0.dll
0x0000016a7edc0000 - 0x0000016a7edc3000 	C:\Users\julie\.openjfx\cache\19-ea+7\amd64\api-ms-win-crt-time-l1-1-0.dll
0x0000016a7edd0000 - 0x0000016a7edd3000 	C:\Users\julie\.openjfx\cache\19-ea+7\amd64\api-ms-win-crt-utility-l1-1-0.dll
0x00007fff55e20000 - 0x00007fff55f1c000 	C:\Users\julie\.openjfx\cache\19-ea+7\amd64\ucrtbase.dll
0x00007fff55e00000 - 0x00007fff55e1b000 	C:\Users\julie\.openjfx\cache\19-ea+7\amd64\vcruntime140.dll
0x00007fff65090000 - 0x00007fff6509c000 	C:\Users\julie\.openjfx\cache\19-ea+7\amd64\vcruntime140_1.dll
0x00007fff32810000 - 0x00007fff3289e000 	C:\Users\julie\.openjfx\cache\19-ea+7\amd64\msvcp140.dll
0x00007fff55dd0000 - 0x00007fff55dfc000 	C:\Users\julie\.openjfx\cache\19-ea+7\amd64\prism_d3d.dll
0x00007fff25a90000 - 0x00007fff25c39000 	C:\WINDOWS\system32\d3d9.dll
0x00007fff74af0000 - 0x00007fff74b1b000 	C:\WINDOWS\SYSTEM32\dwmapi.dll
0x00007fff747c0000 - 0x00007fff747f6000 	C:\WINDOWS\SYSTEM32\dxcore.dll
0x00007fff746e0000 - 0x00007fff7478b000 	C:\WINDOWS\system32\uxtheme.dll
0x00007fff25920000 - 0x00007fff25a85000 	C:\Windows\System32\DriverStore\FileRepository\iigd_dch.inf_amd64_5dc1a2977f07512e\igdumdim64.dll
0x00007fff78650000 - 0x00007fff787ec000 	C:\WINDOWS\System32\ole32.dll
0x00007fff6cf90000 - 0x00007fff6d2c6000 	C:\Windows\System32\DriverStore\FileRepository\iigd_dch.inf_amd64_5dc1a2977f07512e\igdgmm64.dll
0x00007fff71de0000 - 0x00007fff71e29000 	C:\WINDOWS\SYSTEM32\directxdatabasehelper.dll
0x00007fff50340000 - 0x00007fff50382000 	C:\Users\julie\.openjfx\cache\19-ea+7\amd64\glass.dll
0x00007fff79100000 - 0x00007fff791f7000 	C:\WINDOWS\System32\COMDLG32.dll
0x00007fff1d200000 - 0x00007fff1d339000 	C:\ProgramData\A-Volute\A-Volute.Nahimic\Modules\Scheduled\x64\AudioDevProps2.dll
0x00007fff79270000 - 0x00007fff7938e000 	C:\WINDOWS\System32\MSCTF.dll

dbghelp: loaded successfully - version: 4.0.5 - missing functions: none
symbol engine: initialized successfully - sym options: 0x614 - pdb path: .;C:\Users\julie\.jdks\openjdk-19.0.1\bin;C:\WINDOWS\SYSTEM32;C:\WINDOWS\WinSxS\amd64_microsoft.windows.common-controls_6595b64144ccf1df_6.0.22621.608_none_a9444ca7c10bb01d;C:\Users\julie\.jdks\openjdk-19.0.1\bin\server;C:\Users\julie\AppData\Local\JetBrains\Toolbox\apps\IDEA-U\ch-0\222.4345.14\bin;C:\Users\julie\.openjfx\cache\19-ea+7\amd64;C:\Windows\System32\DriverStore\FileRepository\iigd_dch.inf_amd64_5dc1a2977f07512e;C:\ProgramData\A-Volute\A-Volute.Nahimic\Modules\Scheduled\x64

VM Arguments:
jvm_args: -javaagent:C:\Users\julie\AppData\Local\JetBrains\Toolbox\apps\IDEA-U\ch-0\222.4345.14\lib\idea_rt.jar=50423:C:\Users\julie\AppData\Local\JetBrains\Toolbox\apps\IDEA-U\ch-0\222.4345.14\bin -Dfile.encoding=UTF-8 -Dsun.stdout.encoding=UTF-8 -Dsun.stderr.encoding=UTF-8 --module-path=C:\Users\julie\IdeaProjects\InterfaceMessagerie\target\classes;C:\Users\julie\.m2\repository\org\openjfx\javafx-graphics\19-ea+7\javafx-graphics-19-ea+7-win.jar;C:\Users\julie\.m2\repository\org\openjfx\javafx-controls\19-ea+7\javafx-controls-19-ea+7-win.jar;C:\Users\julie\.m2\repository\org\openjfx\javafx-base\19-ea+7\javafx-base-19-ea+7-win.jar;C:\Users\julie\.m2\repository\org\openjfx\javafx-fxml\19-ea+7\javafx-fxml-19-ea+7-win.jar -Djdk.module.main=com.example.interfacemessagerie 
java_command: com.example.interfacemessagerie/com.example.interfacemessagerie.HelloApplication
java_class_path (initial): C:\Users\julie\.m2\repository\org\openjfx\javafx-controls\19-ea+7\javafx-controls-19-ea+7.jar;C:\Users\julie\.m2\repository\org\openjfx\javafx-graphics\19-ea+7\javafx-graphics-19-ea+7.jar;C:\Users\julie\.m2\repository\org\openjfx\javafx-base\19-ea+7\javafx-base-19-ea+7.jar;C:\Users\julie\.m2\repository\org\openjfx\javafx-fxml\19-ea+7\javafx-fxml-19-ea+7.jar
Launcher Type: SUN_STANDARD

[Global flags]
     intx CICompilerCount                          = 4                                         {product} {ergonomic}
     uint ConcGCThreads                            = 2                                         {product} {ergonomic}
     uint G1ConcRefinementThreads                  = 8                                         {product} {ergonomic}
   size_t G1HeapRegionSize                         = 1048576                                   {product} {ergonomic}
    uintx GCDrainStackTargetSize                   = 64                                        {product} {ergonomic}
   size_t InitialHeapSize                          = 132120576                                 {product} {ergonomic}
   size_t MarkStackSize                            = 4194304                                   {product} {ergonomic}
   size_t MaxHeapSize                              = 2095054848                                {product} {ergonomic}
   size_t MaxNewSize                               = 1256194048                                {product} {ergonomic}
   size_t MinHeapDeltaBytes                        = 1048576                                   {product} {ergonomic}
   size_t MinHeapSize                              = 8388608                                   {product} {ergonomic}
    uintx NonNMethodCodeHeapSize                   = 5839372                                {pd product} {ergonomic}
    uintx NonProfiledCodeHeapSize                  = 122909434                              {pd product} {ergonomic}
    uintx ProfiledCodeHeapSize                     = 122909434                              {pd product} {ergonomic}
    uintx ReservedCodeCacheSize                    = 251658240                              {pd product} {ergonomic}
     bool SegmentedCodeCache                       = true                                      {product} {ergonomic}
   size_t SoftMaxHeapSize                          = 2095054848                             {manageable} {ergonomic}
     bool UseCompressedClassPointers               = true                           {product lp64_product} {ergonomic}
     bool UseCompressedOops                        = true                           {product lp64_product} {ergonomic}
     bool UseG1GC                                  = true                                      {product} {ergonomic}
     bool UseLargePagesIndividualAllocation        = false                                  {pd product} {ergonomic}

Logging:
Log output configuration:
 #0: stdout all=warning uptime,level,tags foldmultilines=false
 #1: stderr all=off uptime,level,tags foldmultilines=false

Environment Variables:
JAVA_HOME=C:\Users\julie\AppData\Local\JetBrains\Toolbox\apps\AndroidStudio\ch-0\213.7172.25.2113.9123335\jre
PATH=C:\Users\julie\AppData\Local\Programs\Python\Python311\Scripts\;C:\Users\julie\AppData\Local\Programs\Python\Python311\;C:\Users\julie\AppData\Local\Microsoft\WindowsApps;C:\Users\julie\AppData\Local\JetBrains\Toolbox\scripts;C:\Users\julie\AppData\Local\Microsoft\WindowsApps;C:\Users\julie\AppData\Roaming\npm;C:\Program Files (x86)\Nmap;C:\Program Files\nodejs;D:\Application mobile\my-react-app\platform-tools;C:\Program Files\Git\cmd;C:\Windows\System32\WindowsPowerShell\v1.0\;C:\Windows\System32;D:\Application mobile\BabyBoss\platform-tools;D:\src\flutter\bin
USERNAME=julie
OS=Windows_NT
PROCESSOR_IDENTIFIER=Intel64 Family 6 Model 140 Stepping 1, GenuineIntel
TMP=C:\Users\julie\AppData\Local\Temp
TEMP=C:\Users\julie\AppData\Local\Temp



---------------  S Y S T E M  ---------------

OS:
 Windows 11 , 64 bit Build 22621 (10.0.22621.963)
OS uptime: 19 days 21:29 hours
Hyper-V role detected

CPU: total 8 (initial active 8) (4 cores per cpu, 2 threads per core) family 6 model 140 stepping 1 microcode 0x8a, cx8, cmov, fxsr, ht, mmx, 3dnowpref, sse, sse2, sse3, ssse3, sse4.1, sse4.2, popcnt, lzcnt, tsc, tscinvbit, avx, avx2, aes, erms, clmul, bmi1, bmi2, adx, avx512f, avx512dq, avx512cd, avx512bw, avx512vl, sha, fma, vzeroupper, avx512_vpopcntdq, avx512_vpclmulqdq, avx512_vaes, avx512_vnni, clflush, clflushopt, clwb, avx512_vbmi2, avx512_vbmi, hv, rdtscp, rdpid, fsrm, gfni, avx512_bitalg

Memory: 4k page, system-wide physical 7991M (271M free)
TotalPageFile size 32567M (AvailPageFile size 0M)
current process WorkingSet (physical memory assigned to process): 67M, peak: 67M
current process commit charge ("private bytes"): 221M, peak: 226M

vm_info: OpenJDK 64-Bit Server VM (19.0.1+10-21) for windows-amd64 JRE (19.0.1+10-21), built on 2022-09-14T12:45:06Z by "mach5one" with MS VC++ 17.1 (VS2022)

END.
